{
  "stats": {
    "suites": 1,
    "tests": 1,
    "passes": 1,
    "pending": 0,
    "failures": 0,
    "start": "2024-11-06T15:16:29.948Z",
    "end": "2024-11-06T15:16:58.731Z",
    "duration": 28783,
    "testsRegistered": 1,
    "passPercent": 100,
    "pendingPercent": 0,
    "other": 0,
    "hasOther": false,
    "skipped": 0,
    "hasSkipped": false
  },
  "results": [
    {
      "uuid": "87b92b28-9215-487a-974a-b6a50bd956b3",
      "title": "",
      "fullFile": "cypress\\e2e\\checkout.cy.js",
      "file": "cypress\\e2e\\checkout.cy.js",
      "beforeHooks": [],
      "afterHooks": [],
      "tests": [],
      "suites": [
        {
          "uuid": "513e0a1f-7b9c-4f9d-bf08-69b6dd44b6b3",
          "title": "Checkout",
          "fullFile": "",
          "file": "",
          "beforeHooks": [],
          "afterHooks": [],
          "tests": [
            {
              "title": "Criar checkout",
              "fullTitle": "Checkout Criar checkout",
              "timedOut": null,
              "duration": 22281,
              "state": "passed",
              "speed": "slow",
              "pass": true,
              "fail": false,
              "pending": false,
              "context": null,
              "code": "_index.default.botaoCriarCheckout();\n_index.default.preencherCadastroCheckout();\n_index.default.adicionarProduto();",
              "err": {},
              "uuid": "2a63e07e-e70d-4635-8059-54a4b39eafb8",
              "parentUUID": "513e0a1f-7b9c-4f9d-bf08-69b6dd44b6b3",
              "isHook": false,
              "skipped": false
            }
          ],
          "suites": [],
          "passes": [
            "2a63e07e-e70d-4635-8059-54a4b39eafb8"
          ],
          "failures": [],
          "pending": [],
          "skipped": [],
          "duration": 22281,
          "root": false,
          "rootEmpty": false,
          "_timeout": 2000
        }
      ],
      "passes": [],
      "failures": [],
      "pending": [],
      "skipped": [],
      "duration": 0,
      "root": true,
      "rootEmpty": true,
      "_timeout": 2000
    }
  ],
  "meta": {
    "mocha": {
      "version": "7.0.1"
    },
    "mochawesome": {
      "options": {
        "quiet": false,
        "reportFilename": "mochawesome",
        "saveHtml": true,
        "saveJson": true,
        "consoleReporter": "spec",
        "useInlineDiffs": false,
        "code": true
      },
      "version": "7.1.3"
    },
    "marge": {
      "options": {
        "reportDir": "cypress/results",
        "overwrite": false,
        "html": true,
        "json": true,
        "timestamp": "mmddyyyy_HHMMss",
        "screenshots": true
      },
      "version": "6.2.0"
    }
  }
}